<?xml version="1.0" encoding="UTF-8"?>
<testsuite xmlns:xsi="http://www.w3.org/2001/XMLSchema-instance" xsi:noNamespaceSchemaLocation="https://maven.apache.org/surefire/maven-surefire-plugin/xsd/surefire-test-report-3.0.xsd" version="3.0" name="flightapp.FlightServiceTest" time="148.481" tests="16" errors="0" skipped="0" failures="0">
  <properties>
[...]
</properties>
  <testcase name="runTest[0]" classname="flightapp.FlightServiceTest" time="11.281">
    <system-out><![CDATA[Running test setup...
... using dbconn.properties for test credentials
... resetting database (ie, dropping all tables with suffix: fardeena)
... running createTables.sql

Starting tests
Running test file: /Users/fardeenazizi/Desktop/CSE344/hw6/project/cases/transaction/pay/pay_twoBookingsNotEnoughCash.test.txt
]]></system-out>
  </testcase>
  <testcase name="runTest[1]" classname="flightapp.FlightServiceTest" time="14.551">
    <system-out><![CDATA[Running test file: /Users/fardeenazizi/Desktop/CSE344/hw6/project/cases/transaction/pay/pay_payOnlyOnce.test.txt
]]></system-out>
  </testcase>
  <testcase name="runTest[2]" classname="flightapp.FlightServiceTest" time="6.665">
    <system-out><![CDATA[Running test file: /Users/fardeenazizi/Desktop/CSE344/hw6/project/cases/transaction/pay/pay_wrongUser.test.txt
]]></system-out>
  </testcase>
  <testcase name="runTest[3]" classname="flightapp.FlightServiceTest" time="12.109">
    <system-out><![CDATA[Running test file: /Users/fardeenazizi/Desktop/CSE344/hw6/project/cases/transaction/search/search_differentUsersSameQuery.test.txt
]]></system-out>
  </testcase>
  <testcase name="runTest[4]" classname="flightapp.FlightServiceTest" time="10.6">
    <system-out><![CDATA[Running test file: /Users/fardeenazizi/Desktop/CSE344/hw6/project/cases/transaction/book/reservations_1UserMultipleBookings.test.txt
]]></system-out>
  </testcase>
  <testcase name="runTest[5]" classname="flightapp.FlightServiceTest" time="8.347">
    <system-out><![CDATA[Running test file: /Users/fardeenazizi/Desktop/CSE344/hw6/project/cases/transaction/book/book_withoutSearch.test.txt
]]></system-out>
  </testcase>
  <testcase name="runTest[6]" classname="flightapp.FlightServiceTest" time="9.373">
    <system-out><![CDATA[Running test file: /Users/fardeenazizi/Desktop/CSE344/hw6/project/cases/transaction/book/book_2Users2Flights.test.txt
]]></system-out>
  </testcase>
  <testcase name="runTest[7]" classname="flightapp.FlightServiceTest" time="10.427">
    <system-out><![CDATA[Running test file: /Users/fardeenazizi/Desktop/CSE344/hw6/project/cases/transaction/book/book_1User2SessionsMultipleBooking.test.txt
]]></system-out>
  </testcase>
  <testcase name="runTest[8]" classname="flightapp.FlightServiceTest" time="10.054">
    <system-out><![CDATA[Running test file: /Users/fardeenazizi/Desktop/CSE344/hw6/project/cases/transaction/book/book_2Users1FlightNoCapacity.test.txt
]]></system-out>
  </testcase>
  <testcase name="runTest[9]" classname="flightapp.FlightServiceTest" time="12.014">
    <system-out><![CDATA[Running test file: /Users/fardeenazizi/Desktop/CSE344/hw6/project/cases/transaction/book/book_1User1FlightTwice.test.txt
]]></system-out>
  </testcase>
  <testcase name="runTest[10]" classname="flightapp.FlightServiceTest" time="8.482">
    <system-out><![CDATA[Running test file: /Users/fardeenazizi/Desktop/CSE344/hw6/project/cases/transaction/create/create_2UsersSameName.test.txt
]]></system-out>
  </testcase>
  <testcase name="runTest[11]" classname="flightapp.FlightServiceTest" time="5.72">
    <system-out><![CDATA[Running test file: /Users/fardeenazizi/Desktop/CSE344/hw6/project/cases/transaction/create/create_2UsersDifferentName.test.txt
]]></system-out>
  </testcase>
  <testcase name="runTest[12]" classname="flightapp.FlightServiceTest" time="7.244">
    <system-out><![CDATA[Running test file: /Users/fardeenazizi/Desktop/CSE344/hw6/project/cases/transaction/login/login_differentUsers.test.txt
]]></system-out>
  </testcase>
  <testcase name="runTest[13]" classname="flightapp.FlightServiceTest" time="6.866">
    <system-out><![CDATA[Running test file: /Users/fardeenazizi/Desktop/CSE344/hw6/project/cases/transaction/login/login_sameUsers.test.txt
]]></system-out>
  </testcase>
  <testcase name="runTest[14]" classname="flightapp.FlightServiceTest" time="4.885">
    <system-out><![CDATA[Running test file: /Users/fardeenazizi/Desktop/CSE344/hw6/project/cases/transaction/login/login_sameUserNameDiffPasswords.test.txt
]]></system-out>
  </testcase>
  <testcase name="runTest[15]" classname="flightapp.FlightServiceTest" time="6.239">
    <system-out><![CDATA[Running test file: /Users/fardeenazizi/Desktop/CSE344/hw6/project/cases/transaction/login/login_createUserInOtherSession.test.txt
]]></system-out>
  </testcase>
</testsuite>